========================
Source:2
Target:1
Distance:20
Path:2-->1
========================

========================
Source:2
Target:3
Distance:25
Path:2-->3
========================

========================
Source:2
Target:4
Distance:50
Path:2-->1-->4
========================

========================
Source:2
Target:5
Distance:50
Path:2-->3-->5
========================

========================
Source:2
Target:6
Distance:60
Path:2-->3-->5-->6
========================

========================
Source:2
Target:7
Distance:Infinity
Path:No Way!
========================

