
==========================
Source:1
Target 2
Distance:20
Path:1-->2
==========================

==========================
Source:1
Target 3
Distance:45
Path:1-->2-->3
==========================

==========================
Source:1
Target 4
Distance:30
Path:1-->4
==========================

==========================
Source:1
Target 5
Distance:70
Path:1-->2-->3-->5
==========================

==========================
Source:1
Target 6
Distance:80
Path:1-->2-->3-->5-->6
==========================

==========================
Source:1
Target 7
Distance:130
Path:1-->2-->3-->5-->6-->7
==========================

==========================
Source:2
Target 3
Distance:25
Path:2-->3
==========================

==========================
Source:2
Target 4
Distance:50
Path:2-->1-->4
==========================

==========================
Source:2
Target 5
Distance:50
Path:2-->3-->5
==========================

==========================
Source:2
Target 6
Distance:60
Path:2-->3-->5-->6
==========================

==========================
Source:2
Target 7
Distance:110
Path:2-->3-->5-->6-->7
==========================

==========================
Source:3
Target 4
Distance:40
Path:3-->4
==========================

==========================
Source:3
Target 5
Distance:25
Path:3-->5
==========================

==========================
Source:3
Target 6
Distance:35
Path:3-->5-->6
==========================

==========================
Source:3
Target 7
Distance:85
Path:3-->5-->6-->7
==========================

==========================
Source:4
Target 5
Distance:55
Path:4-->5
==========================

==========================
Source:4
Target 6
Distance:65
Path:4-->5-->6
==========================

==========================
Source:4
Target 7
Distance:115
Path:4-->5-->6-->7
==========================

==========================
Source:5
Target 6
Distance:10
Path:5-->6
==========================

==========================
Source:5
Target 7
Distance:60
Path:5-->6-->7
==========================

==========================
Source:6
Target 7
Distance:50
Path:6-->7
==========================
